2020-11-30 09:31:14.083 [main] INFO  com.rabbit.RabbitApplication - Starting RabbitApplication using Java 1.8.0_45 on 711-1831 with PID 16044 (C:\F\RabbitAdmin\target\classes started by wangql in C:\F\RabbitAdmin)
2020-11-30 09:31:14.085 [main] INFO  com.rabbit.RabbitApplication - The following profiles are active: dev
2020-11-30 09:31:14.927 [main] INFO  o.s.d.r.config.RepositoryConfigurationDelegate - Multiple Spring Data modules found, entering strict repository configuration mode!
2020-11-30 09:31:14.930 [main] INFO  o.s.d.r.config.RepositoryConfigurationDelegate - Bootstrapping Spring Data Redis repositories in DEFAULT mode.
2020-11-30 09:31:14.960 [main] INFO  o.s.d.r.config.RepositoryConfigurationDelegate - Finished Spring Data repository scanning in 17 ms. Found 0 Redis repository interfaces.
2020-11-30 09:31:15.700 [main] INFO  o.s.boot.web.embedded.tomcat.TomcatWebServer - Tomcat initialized with port(s): 8800 (http)
2020-11-30 09:31:15.711 [main] INFO  org.apache.coyote.http11.Http11NioProtocol - Initializing ProtocolHandler ["http-nio-8800"]
2020-11-30 09:31:15.713 [main] INFO  org.apache.catalina.core.StandardService - Starting service [Tomcat]
2020-11-30 09:31:15.713 [main] INFO  org.apache.catalina.core.StandardEngine - Starting Servlet engine: [Apache Tomcat/9.0.39]
2020-11-30 09:31:15.897 [main] INFO  o.a.c.core.ContainerBase.[Tomcat].[localhost].[/] - Initializing Spring embedded WebApplicationContext
2020-11-30 09:31:15.898 [main] INFO  o.s.b.w.s.c.ServletWebServerApplicationContext - Root WebApplicationContext: initialization completed in 1766 ms
2020-11-30 09:31:17.422 [main] INFO  s.d.s.w.PropertySourcedRequestMappingHandlerMapping - Mapped URL path [/v2/api-docs] onto method [springfox.documentation.swagger2.web.Swagger2Controller#getDocumentation(String, HttpServletRequest)]
2020-11-30 09:31:17.572 [main] INFO  o.s.scheduling.concurrent.ThreadPoolTaskExecutor - Initializing ExecutorService 'applicationTaskExecutor'
2020-11-30 09:31:18.005 [main] INFO  org.apache.coyote.http11.Http11NioProtocol - Starting ProtocolHandler ["http-nio-8800"]
2020-11-30 09:31:18.040 [main] INFO  o.s.boot.web.embedded.tomcat.TomcatWebServer - Tomcat started on port(s): 8800 (http) with context path ''
2020-11-30 09:31:18.042 [main] INFO  s.d.s.web.plugins.DocumentationPluginsBootstrapper - Context refreshed
2020-11-30 09:31:18.058 [main] INFO  s.d.s.web.plugins.DocumentationPluginsBootstrapper - Found 1 custom documentation plugin(s)
2020-11-30 09:31:18.090 [main] INFO  s.d.spring.web.scanners.ApiListingReferenceScanner - Scanning for api listing references
2020-11-30 09:31:18.250 [main] INFO  com.rabbit.RabbitApplication - Started RabbitApplication in 4.671 seconds (JVM running for 6.511)
2020-11-30 09:31:24.969 [http-nio-8800-exec-1] INFO  o.a.c.core.ContainerBase.[Tomcat].[localhost].[/] - Initializing Spring DispatcherServlet 'dispatcherServlet'
2020-11-30 09:31:24.970 [http-nio-8800-exec-1] INFO  org.springframework.web.servlet.DispatcherServlet - Initializing Servlet 'dispatcherServlet'
2020-11-30 09:31:24.971 [http-nio-8800-exec-1] INFO  org.springframework.web.servlet.DispatcherServlet - Completed initialization in 1 ms
2020-11-30 09:46:42.078 [http-nio-8800-exec-6] INFO  com.zaxxer.hikari.HikariDataSource - HikariPool-1 - Starting...
2020-11-30 09:46:42.492 [http-nio-8800-exec-6] INFO  com.zaxxer.hikari.HikariDataSource - HikariPool-1 - Start completed.
2020-11-30 09:46:42.536 [http-nio-8800-exec-6] INFO  com.rabbit.project.service.impl.SysUserServiceImpl -  登陆成功
2020-11-30 11:55:15.585 [SpringContextShutdownHook] INFO  o.s.scheduling.concurrent.ThreadPoolTaskExecutor - Shutting down ExecutorService 'applicationTaskExecutor'
2020-11-30 11:55:15.589 [SpringContextShutdownHook] INFO  com.zaxxer.hikari.HikariDataSource - HikariPool-1 - Shutdown initiated...
2020-11-30 11:55:15.600 [SpringContextShutdownHook] INFO  com.zaxxer.hikari.HikariDataSource - HikariPool-1 - Shutdown completed.
2020-11-30 11:55:24.349 [main] INFO  com.rabbit.RabbitApplication - Starting RabbitApplication using Java 1.8.0_45 on 711-1831 with PID 16496 (C:\F\RabbitAdmin\target\classes started by wangql in C:\F\RabbitAdmin)
2020-11-30 11:55:24.352 [main] INFO  com.rabbit.RabbitApplication - The following profiles are active: dev
2020-11-30 11:55:25.244 [main] INFO  o.s.d.r.config.RepositoryConfigurationDelegate - Multiple Spring Data modules found, entering strict repository configuration mode!
2020-11-30 11:55:25.247 [main] INFO  o.s.d.r.config.RepositoryConfigurationDelegate - Bootstrapping Spring Data Redis repositories in DEFAULT mode.
2020-11-30 11:55:25.282 [main] INFO  o.s.d.r.config.RepositoryConfigurationDelegate - Finished Spring Data repository scanning in 19 ms. Found 0 Redis repository interfaces.
2020-11-30 11:55:25.931 [main] INFO  o.s.boot.web.embedded.tomcat.TomcatWebServer - Tomcat initialized with port(s): 8800 (http)
2020-11-30 11:55:25.941 [main] INFO  org.apache.coyote.http11.Http11NioProtocol - Initializing ProtocolHandler ["http-nio-8800"]
2020-11-30 11:55:25.946 [main] INFO  org.apache.catalina.core.StandardService - Starting service [Tomcat]
2020-11-30 11:55:25.946 [main] INFO  org.apache.catalina.core.StandardEngine - Starting Servlet engine: [Apache Tomcat/9.0.39]
2020-11-30 11:55:26.078 [main] INFO  o.a.c.core.ContainerBase.[Tomcat].[localhost].[/] - Initializing Spring embedded WebApplicationContext
2020-11-30 11:55:26.078 [main] INFO  o.s.b.w.s.c.ServletWebServerApplicationContext - Root WebApplicationContext: initialization completed in 1679 ms
2020-11-30 11:55:27.699 [main] INFO  s.d.s.w.PropertySourcedRequestMappingHandlerMapping - Mapped URL path [/v2/api-docs] onto method [springfox.documentation.swagger2.web.Swagger2Controller#getDocumentation(String, HttpServletRequest)]
2020-11-30 11:55:27.715 [main] INFO  o.s.scheduling.concurrent.ThreadPoolTaskExecutor - Initializing ExecutorService 'threadPoolTaskExecutor'
2020-11-30 11:55:28.218 [main] INFO  org.apache.coyote.http11.Http11NioProtocol - Starting ProtocolHandler ["http-nio-8800"]
2020-11-30 11:55:28.242 [main] INFO  o.s.boot.web.embedded.tomcat.TomcatWebServer - Tomcat started on port(s): 8800 (http) with context path ''
2020-11-30 11:55:28.243 [main] INFO  s.d.s.web.plugins.DocumentationPluginsBootstrapper - Context refreshed
2020-11-30 11:55:28.261 [main] INFO  s.d.s.web.plugins.DocumentationPluginsBootstrapper - Found 1 custom documentation plugin(s)
2020-11-30 11:55:28.294 [main] INFO  s.d.spring.web.scanners.ApiListingReferenceScanner - Scanning for api listing references
2020-11-30 11:55:28.421 [main] INFO  com.rabbit.RabbitApplication - Started RabbitApplication in 4.806 seconds (JVM running for 6.537)
2020-11-30 13:06:00.269 [SpringContextShutdownHook] INFO  o.s.scheduling.concurrent.ThreadPoolTaskExecutor - Shutting down ExecutorService 'threadPoolTaskExecutor'
2020-11-30 13:06:08.189 [main] INFO  com.rabbit.RabbitApplication - Starting RabbitApplication using Java 1.8.0_45 on 711-1831 with PID 18272 (C:\F\RabbitAdmin\target\classes started by wangql in C:\F\RabbitAdmin)
2020-11-30 13:06:08.192 [main] INFO  com.rabbit.RabbitApplication - The following profiles are active: dev
2020-11-30 13:06:09.296 [main] INFO  o.s.d.r.config.RepositoryConfigurationDelegate - Multiple Spring Data modules found, entering strict repository configuration mode!
2020-11-30 13:06:09.298 [main] INFO  o.s.d.r.config.RepositoryConfigurationDelegate - Bootstrapping Spring Data Redis repositories in DEFAULT mode.
2020-11-30 13:06:09.330 [main] INFO  o.s.d.r.config.RepositoryConfigurationDelegate - Finished Spring Data repository scanning in 19 ms. Found 0 Redis repository interfaces.
2020-11-30 13:06:09.972 [main] INFO  o.s.boot.web.embedded.tomcat.TomcatWebServer - Tomcat initialized with port(s): 8800 (http)
2020-11-30 13:06:09.981 [main] INFO  org.apache.coyote.http11.Http11NioProtocol - Initializing ProtocolHandler ["http-nio-8800"]
2020-11-30 13:06:09.982 [main] INFO  org.apache.catalina.core.StandardService - Starting service [Tomcat]
2020-11-30 13:06:09.982 [main] INFO  org.apache.catalina.core.StandardEngine - Starting Servlet engine: [Apache Tomcat/9.0.39]
2020-11-30 13:06:10.111 [main] INFO  o.a.c.core.ContainerBase.[Tomcat].[localhost].[/] - Initializing Spring embedded WebApplicationContext
2020-11-30 13:06:10.112 [main] INFO  o.s.b.w.s.c.ServletWebServerApplicationContext - Root WebApplicationContext: initialization completed in 1851 ms
2020-11-30 13:06:11.610 [main] INFO  s.d.s.w.PropertySourcedRequestMappingHandlerMapping - Mapped URL path [/v2/api-docs] onto method [springfox.documentation.swagger2.web.Swagger2Controller#getDocumentation(String, HttpServletRequest)]
2020-11-30 13:06:11.624 [main] INFO  o.s.scheduling.concurrent.ThreadPoolTaskExecutor - Initializing ExecutorService 'threadPoolTaskExecutor'
2020-11-30 13:06:12.124 [main] INFO  org.apache.coyote.http11.Http11NioProtocol - Starting ProtocolHandler ["http-nio-8800"]
2020-11-30 13:06:12.145 [main] INFO  o.s.boot.web.embedded.tomcat.TomcatWebServer - Tomcat started on port(s): 8800 (http) with context path ''
2020-11-30 13:06:12.147 [main] INFO  s.d.s.web.plugins.DocumentationPluginsBootstrapper - Context refreshed
2020-11-30 13:06:12.164 [main] INFO  s.d.s.web.plugins.DocumentationPluginsBootstrapper - Found 1 custom documentation plugin(s)
2020-11-30 13:06:12.201 [main] INFO  s.d.spring.web.scanners.ApiListingReferenceScanner - Scanning for api listing references
2020-11-30 13:06:12.341 [main] INFO  com.rabbit.RabbitApplication - Started RabbitApplication in 4.822 seconds (JVM running for 6.567)
2020-11-30 13:09:01.466 [http-nio-8800-exec-2] INFO  o.a.c.core.ContainerBase.[Tomcat].[localhost].[/] - Initializing Spring DispatcherServlet 'dispatcherServlet'
2020-11-30 13:09:01.466 [http-nio-8800-exec-2] INFO  org.springframework.web.servlet.DispatcherServlet - Initializing Servlet 'dispatcherServlet'
2020-11-30 13:09:01.468 [http-nio-8800-exec-2] INFO  org.springframework.web.servlet.DispatcherServlet - Completed initialization in 1 ms
2020-11-30 13:09:01.599 [http-nio-8800-exec-2] INFO  com.zaxxer.hikari.HikariDataSource - HikariPool-1 - Starting...
2020-11-30 13:09:01.876 [http-nio-8800-exec-2] INFO  com.zaxxer.hikari.HikariDataSource - HikariPool-1 - Start completed.
2020-11-30 13:09:01.945 [http-nio-8800-exec-2] ERROR com.rabbit.framework.aspect.LogAspect - 通知异常
2020-11-30 13:09:01.945 [http-nio-8800-exec-2] ERROR com.rabbit.framework.aspect.LogAspect - 当前会话未登录
2020-11-30 13:09:38.579 [http-nio-8800-exec-3] ERROR com.rabbit.framework.aspect.LogAspect - 通知异常
2020-11-30 13:09:38.579 [http-nio-8800-exec-3] ERROR com.rabbit.framework.aspect.LogAspect - 当前会话未登录
2020-11-30 13:10:46.986 [SpringContextShutdownHook] INFO  o.s.scheduling.concurrent.ThreadPoolTaskExecutor - Shutting down ExecutorService 'threadPoolTaskExecutor'
2020-11-30 13:10:46.988 [SpringContextShutdownHook] INFO  com.zaxxer.hikari.HikariDataSource - HikariPool-1 - Shutdown initiated...
2020-11-30 13:10:46.998 [SpringContextShutdownHook] INFO  com.zaxxer.hikari.HikariDataSource - HikariPool-1 - Shutdown completed.
2020-11-30 13:10:53.653 [main] INFO  com.rabbit.RabbitApplication - Starting RabbitApplication using Java 1.8.0_45 on 711-1831 with PID 17100 (C:\F\RabbitAdmin\target\classes started by wangql in C:\F\RabbitAdmin)
2020-11-30 13:10:53.657 [main] INFO  com.rabbit.RabbitApplication - The following profiles are active: dev
2020-11-30 13:10:54.522 [main] INFO  o.s.d.r.config.RepositoryConfigurationDelegate - Multiple Spring Data modules found, entering strict repository configuration mode!
2020-11-30 13:10:54.524 [main] INFO  o.s.d.r.config.RepositoryConfigurationDelegate - Bootstrapping Spring Data Redis repositories in DEFAULT mode.
2020-11-30 13:10:54.556 [main] INFO  o.s.d.r.config.RepositoryConfigurationDelegate - Finished Spring Data repository scanning in 19 ms. Found 0 Redis repository interfaces.
2020-11-30 13:10:55.176 [main] INFO  o.s.boot.web.embedded.tomcat.TomcatWebServer - Tomcat initialized with port(s): 8800 (http)
2020-11-30 13:10:55.185 [main] INFO  org.apache.coyote.http11.Http11NioProtocol - Initializing ProtocolHandler ["http-nio-8800"]
2020-11-30 13:10:55.186 [main] INFO  org.apache.catalina.core.StandardService - Starting service [Tomcat]
2020-11-30 13:10:55.187 [main] INFO  org.apache.catalina.core.StandardEngine - Starting Servlet engine: [Apache Tomcat/9.0.39]
2020-11-30 13:10:55.317 [main] INFO  o.a.c.core.ContainerBase.[Tomcat].[localhost].[/] - Initializing Spring embedded WebApplicationContext
2020-11-30 13:10:55.317 [main] INFO  o.s.b.w.s.c.ServletWebServerApplicationContext - Root WebApplicationContext: initialization completed in 1607 ms
2020-11-30 13:10:56.798 [main] INFO  s.d.s.w.PropertySourcedRequestMappingHandlerMapping - Mapped URL path [/v2/api-docs] onto method [springfox.documentation.swagger2.web.Swagger2Controller#getDocumentation(String, HttpServletRequest)]
2020-11-30 13:10:56.816 [main] INFO  o.s.scheduling.concurrent.ThreadPoolTaskExecutor - Initializing ExecutorService 'threadPoolTaskExecutor'
2020-11-30 13:10:57.309 [main] INFO  org.apache.coyote.http11.Http11NioProtocol - Starting ProtocolHandler ["http-nio-8800"]
2020-11-30 13:10:57.332 [main] INFO  o.s.boot.web.embedded.tomcat.TomcatWebServer - Tomcat started on port(s): 8800 (http) with context path ''
2020-11-30 13:10:57.333 [main] INFO  s.d.s.web.plugins.DocumentationPluginsBootstrapper - Context refreshed
2020-11-30 13:10:57.351 [main] INFO  s.d.s.web.plugins.DocumentationPluginsBootstrapper - Found 1 custom documentation plugin(s)
2020-11-30 13:10:57.384 [main] INFO  s.d.spring.web.scanners.ApiListingReferenceScanner - Scanning for api listing references
2020-11-30 13:10:57.525 [main] INFO  com.rabbit.RabbitApplication - Started RabbitApplication in 4.574 seconds (JVM running for 6.301)
2020-11-30 13:11:06.938 [http-nio-8800-exec-1] INFO  o.a.c.core.ContainerBase.[Tomcat].[localhost].[/] - Initializing Spring DispatcherServlet 'dispatcherServlet'
2020-11-30 13:11:06.938 [http-nio-8800-exec-1] INFO  org.springframework.web.servlet.DispatcherServlet - Initializing Servlet 'dispatcherServlet'
2020-11-30 13:11:06.940 [http-nio-8800-exec-1] INFO  org.springframework.web.servlet.DispatcherServlet - Completed initialization in 2 ms
2020-11-30 13:11:07.023 [http-nio-8800-exec-1] INFO  com.zaxxer.hikari.HikariDataSource - HikariPool-1 - Starting...
2020-11-30 13:11:07.300 [http-nio-8800-exec-1] INFO  com.zaxxer.hikari.HikariDataSource - HikariPool-1 - Start completed.
2020-11-30 13:11:07.350 [http-nio-8800-exec-1] ERROR com.rabbit.framework.aspect.LogAspect - 通知异常
2020-11-30 13:11:07.351 [http-nio-8800-exec-1] ERROR com.rabbit.framework.aspect.LogAspect - 当前会话未登录
2020-11-30 13:11:17.727 [http-nio-8800-exec-3] INFO  com.rabbit.project.service.impl.SysUserServiceImpl -  登陆成功
2020-11-30 13:12:06.512 [http-nio-8800-exec-4] ERROR com.rabbit.framework.aspect.LogAspect - 通知异常
2020-11-30 13:12:06.512 [http-nio-8800-exec-4] ERROR com.rabbit.framework.aspect.LogAspect - 当前会话未登录
2020-11-30 13:12:32.272 [SpringContextShutdownHook] INFO  o.s.scheduling.concurrent.ThreadPoolTaskExecutor - Shutting down ExecutorService 'threadPoolTaskExecutor'
2020-11-30 13:12:32.273 [SpringContextShutdownHook] INFO  com.zaxxer.hikari.HikariDataSource - HikariPool-1 - Shutdown initiated...
2020-11-30 13:12:32.284 [SpringContextShutdownHook] INFO  com.zaxxer.hikari.HikariDataSource - HikariPool-1 - Shutdown completed.
2020-11-30 13:12:38.408 [main] INFO  com.rabbit.RabbitApplication - Starting RabbitApplication using Java 1.8.0_45 on 711-1831 with PID 17904 (C:\F\RabbitAdmin\target\classes started by wangql in C:\F\RabbitAdmin)
2020-11-30 13:12:38.411 [main] INFO  com.rabbit.RabbitApplication - The following profiles are active: dev
2020-11-30 13:12:39.335 [main] INFO  o.s.d.r.config.RepositoryConfigurationDelegate - Multiple Spring Data modules found, entering strict repository configuration mode!
2020-11-30 13:12:39.337 [main] INFO  o.s.d.r.config.RepositoryConfigurationDelegate - Bootstrapping Spring Data Redis repositories in DEFAULT mode.
2020-11-30 13:12:39.370 [main] INFO  o.s.d.r.config.RepositoryConfigurationDelegate - Finished Spring Data repository scanning in 20 ms. Found 0 Redis repository interfaces.
2020-11-30 13:12:39.986 [main] INFO  o.s.boot.web.embedded.tomcat.TomcatWebServer - Tomcat initialized with port(s): 8800 (http)
2020-11-30 13:12:39.994 [main] INFO  org.apache.coyote.http11.Http11NioProtocol - Initializing ProtocolHandler ["http-nio-8800"]
2020-11-30 13:12:39.995 [main] INFO  org.apache.catalina.core.StandardService - Starting service [Tomcat]
2020-11-30 13:12:39.996 [main] INFO  org.apache.catalina.core.StandardEngine - Starting Servlet engine: [Apache Tomcat/9.0.39]
2020-11-30 13:12:40.126 [main] INFO  o.a.c.core.ContainerBase.[Tomcat].[localhost].[/] - Initializing Spring embedded WebApplicationContext
2020-11-30 13:12:40.127 [main] INFO  o.s.b.w.s.c.ServletWebServerApplicationContext - Root WebApplicationContext: initialization completed in 1648 ms
2020-11-30 13:12:41.670 [main] INFO  s.d.s.w.PropertySourcedRequestMappingHandlerMapping - Mapped URL path [/v2/api-docs] onto method [springfox.documentation.swagger2.web.Swagger2Controller#getDocumentation(String, HttpServletRequest)]
2020-11-30 13:12:41.687 [main] INFO  o.s.scheduling.concurrent.ThreadPoolTaskExecutor - Initializing ExecutorService 'threadPoolTaskExecutor'
2020-11-30 13:12:42.187 [main] INFO  org.apache.coyote.http11.Http11NioProtocol - Starting ProtocolHandler ["http-nio-8800"]
2020-11-30 13:12:42.211 [main] INFO  o.s.boot.web.embedded.tomcat.TomcatWebServer - Tomcat started on port(s): 8800 (http) with context path ''
2020-11-30 13:12:42.213 [main] INFO  s.d.s.web.plugins.DocumentationPluginsBootstrapper - Context refreshed
2020-11-30 13:12:42.243 [main] INFO  s.d.s.web.plugins.DocumentationPluginsBootstrapper - Found 1 custom documentation plugin(s)
2020-11-30 13:12:42.278 [main] INFO  s.d.spring.web.scanners.ApiListingReferenceScanner - Scanning for api listing references
2020-11-30 13:12:42.408 [main] INFO  com.rabbit.RabbitApplication - Started RabbitApplication in 4.655 seconds (JVM running for 6.176)
2020-11-30 13:12:43.679 [http-nio-8800-exec-2] INFO  o.a.c.core.ContainerBase.[Tomcat].[localhost].[/] - Initializing Spring DispatcherServlet 'dispatcherServlet'
2020-11-30 13:12:43.679 [http-nio-8800-exec-2] INFO  org.springframework.web.servlet.DispatcherServlet - Initializing Servlet 'dispatcherServlet'
2020-11-30 13:12:43.681 [http-nio-8800-exec-2] INFO  org.springframework.web.servlet.DispatcherServlet - Completed initialization in 2 ms
2020-11-30 13:12:43.832 [http-nio-8800-exec-2] INFO  com.zaxxer.hikari.HikariDataSource - HikariPool-1 - Starting...
2020-11-30 13:12:44.149 [http-nio-8800-exec-2] INFO  com.zaxxer.hikari.HikariDataSource - HikariPool-1 - Start completed.
2020-11-30 13:12:44.188 [http-nio-8800-exec-2] ERROR com.rabbit.framework.aspect.LogAspect - 通知异常
2020-11-30 13:12:44.188 [http-nio-8800-exec-2] ERROR com.rabbit.framework.aspect.LogAspect - 当前会话未登录
2020-11-30 13:15:37.136 [SpringContextShutdownHook] INFO  o.s.scheduling.concurrent.ThreadPoolTaskExecutor - Shutting down ExecutorService 'threadPoolTaskExecutor'
2020-11-30 13:15:37.138 [SpringContextShutdownHook] INFO  com.zaxxer.hikari.HikariDataSource - HikariPool-1 - Shutdown initiated...
2020-11-30 13:15:37.149 [SpringContextShutdownHook] INFO  com.zaxxer.hikari.HikariDataSource - HikariPool-1 - Shutdown completed.
2020-11-30 13:15:42.611 [main] INFO  com.rabbit.RabbitApplication - Starting RabbitApplication using Java 1.8.0_45 on 711-1831 with PID 15448 (C:\F\RabbitAdmin\target\classes started by wangql in C:\F\RabbitAdmin)
2020-11-30 13:15:42.613 [main] INFO  com.rabbit.RabbitApplication - The following profiles are active: dev
2020-11-30 13:15:43.477 [main] INFO  o.s.d.r.config.RepositoryConfigurationDelegate - Multiple Spring Data modules found, entering strict repository configuration mode!
2020-11-30 13:15:43.479 [main] INFO  o.s.d.r.config.RepositoryConfigurationDelegate - Bootstrapping Spring Data Redis repositories in DEFAULT mode.
2020-11-30 13:15:43.514 [main] INFO  o.s.d.r.config.RepositoryConfigurationDelegate - Finished Spring Data repository scanning in 20 ms. Found 0 Redis repository interfaces.
2020-11-30 13:15:44.138 [main] INFO  o.s.boot.web.embedded.tomcat.TomcatWebServer - Tomcat initialized with port(s): 8800 (http)
2020-11-30 13:15:44.146 [main] INFO  org.apache.coyote.http11.Http11NioProtocol - Initializing ProtocolHandler ["http-nio-8800"]
2020-11-30 13:15:44.147 [main] INFO  org.apache.catalina.core.StandardService - Starting service [Tomcat]
2020-11-30 13:15:44.147 [main] INFO  org.apache.catalina.core.StandardEngine - Starting Servlet engine: [Apache Tomcat/9.0.39]
2020-11-30 13:15:44.273 [main] INFO  o.a.c.core.ContainerBase.[Tomcat].[localhost].[/] - Initializing Spring embedded WebApplicationContext
2020-11-30 13:15:44.273 [main] INFO  o.s.b.w.s.c.ServletWebServerApplicationContext - Root WebApplicationContext: initialization completed in 1607 ms
2020-11-30 13:15:45.769 [main] INFO  s.d.s.w.PropertySourcedRequestMappingHandlerMapping - Mapped URL path [/v2/api-docs] onto method [springfox.documentation.swagger2.web.Swagger2Controller#getDocumentation(String, HttpServletRequest)]
2020-11-30 13:15:45.784 [main] INFO  o.s.scheduling.concurrent.ThreadPoolTaskExecutor - Initializing ExecutorService 'threadPoolTaskExecutor'
2020-11-30 13:15:46.250 [main] INFO  org.apache.coyote.http11.Http11NioProtocol - Starting ProtocolHandler ["http-nio-8800"]
2020-11-30 13:15:46.277 [main] INFO  o.s.boot.web.embedded.tomcat.TomcatWebServer - Tomcat started on port(s): 8800 (http) with context path ''
2020-11-30 13:15:46.279 [main] INFO  s.d.s.web.plugins.DocumentationPluginsBootstrapper - Context refreshed
2020-11-30 13:15:46.312 [main] INFO  s.d.s.web.plugins.DocumentationPluginsBootstrapper - Found 1 custom documentation plugin(s)
2020-11-30 13:15:46.348 [main] INFO  s.d.spring.web.scanners.ApiListingReferenceScanner - Scanning for api listing references
2020-11-30 13:15:46.546 [main] INFO  com.rabbit.RabbitApplication - Started RabbitApplication in 4.437 seconds (JVM running for 5.766)
2020-11-30 13:15:48.380 [http-nio-8800-exec-1] INFO  o.a.c.core.ContainerBase.[Tomcat].[localhost].[/] - Initializing Spring DispatcherServlet 'dispatcherServlet'
2020-11-30 13:15:48.380 [http-nio-8800-exec-1] INFO  org.springframework.web.servlet.DispatcherServlet - Initializing Servlet 'dispatcherServlet'
2020-11-30 13:15:48.381 [http-nio-8800-exec-1] INFO  org.springframework.web.servlet.DispatcherServlet - Completed initialization in 1 ms
2020-11-30 13:15:48.487 [http-nio-8800-exec-1] INFO  com.zaxxer.hikari.HikariDataSource - HikariPool-1 - Starting...
2020-11-30 13:15:48.775 [http-nio-8800-exec-1] INFO  com.zaxxer.hikari.HikariDataSource - HikariPool-1 - Start completed.
2020-11-30 13:16:20.789 [SpringContextShutdownHook] INFO  o.s.scheduling.concurrent.ThreadPoolTaskExecutor - Shutting down ExecutorService 'threadPoolTaskExecutor'
2020-11-30 13:16:20.791 [SpringContextShutdownHook] INFO  com.zaxxer.hikari.HikariDataSource - HikariPool-1 - Shutdown initiated...
2020-11-30 13:16:20.802 [SpringContextShutdownHook] INFO  com.zaxxer.hikari.HikariDataSource - HikariPool-1 - Shutdown completed.
2020-11-30 13:16:24.989 [main] INFO  com.rabbit.RabbitApplication - Starting RabbitApplication using Java 1.8.0_45 on 711-1831 with PID 15040 (C:\F\RabbitAdmin\target\classes started by wangql in C:\F\RabbitAdmin)
2020-11-30 13:16:24.992 [main] INFO  com.rabbit.RabbitApplication - The following profiles are active: dev
2020-11-30 13:16:25.841 [main] INFO  o.s.d.r.config.RepositoryConfigurationDelegate - Multiple Spring Data modules found, entering strict repository configuration mode!
2020-11-30 13:16:25.843 [main] INFO  o.s.d.r.config.RepositoryConfigurationDelegate - Bootstrapping Spring Data Redis repositories in DEFAULT mode.
2020-11-30 13:16:25.876 [main] INFO  o.s.d.r.config.RepositoryConfigurationDelegate - Finished Spring Data repository scanning in 19 ms. Found 0 Redis repository interfaces.
2020-11-30 13:16:26.500 [main] INFO  o.s.boot.web.embedded.tomcat.TomcatWebServer - Tomcat initialized with port(s): 8800 (http)
2020-11-30 13:16:26.509 [main] INFO  org.apache.coyote.http11.Http11NioProtocol - Initializing ProtocolHandler ["http-nio-8800"]
2020-11-30 13:16:26.510 [main] INFO  org.apache.catalina.core.StandardService - Starting service [Tomcat]
2020-11-30 13:16:26.510 [main] INFO  org.apache.catalina.core.StandardEngine - Starting Servlet engine: [Apache Tomcat/9.0.39]
2020-11-30 13:16:26.640 [main] INFO  o.a.c.core.ContainerBase.[Tomcat].[localhost].[/] - Initializing Spring embedded WebApplicationContext
2020-11-30 13:16:26.640 [main] INFO  o.s.b.w.s.c.ServletWebServerApplicationContext - Root WebApplicationContext: initialization completed in 1580 ms
2020-11-30 13:16:28.164 [main] INFO  s.d.s.w.PropertySourcedRequestMappingHandlerMapping - Mapped URL path [/v2/api-docs] onto method [springfox.documentation.swagger2.web.Swagger2Controller#getDocumentation(String, HttpServletRequest)]
2020-11-30 13:16:28.178 [main] INFO  o.s.scheduling.concurrent.ThreadPoolTaskExecutor - Initializing ExecutorService 'threadPoolTaskExecutor'
2020-11-30 13:16:28.668 [main] INFO  org.apache.coyote.http11.Http11NioProtocol - Starting ProtocolHandler ["http-nio-8800"]
2020-11-30 13:16:28.688 [main] INFO  o.s.boot.web.embedded.tomcat.TomcatWebServer - Tomcat started on port(s): 8800 (http) with context path ''
2020-11-30 13:16:28.690 [main] INFO  s.d.s.web.plugins.DocumentationPluginsBootstrapper - Context refreshed
2020-11-30 13:16:28.708 [main] INFO  s.d.s.web.plugins.DocumentationPluginsBootstrapper - Found 1 custom documentation plugin(s)
2020-11-30 13:16:28.741 [main] INFO  s.d.spring.web.scanners.ApiListingReferenceScanner - Scanning for api listing references
2020-11-30 13:16:28.903 [main] INFO  com.rabbit.RabbitApplication - Started RabbitApplication in 4.468 seconds (JVM running for 5.712)
2020-11-30 13:16:31.945 [http-nio-8800-exec-1] INFO  o.a.c.core.ContainerBase.[Tomcat].[localhost].[/] - Initializing Spring DispatcherServlet 'dispatcherServlet'
2020-11-30 13:16:31.945 [http-nio-8800-exec-1] INFO  org.springframework.web.servlet.DispatcherServlet - Initializing Servlet 'dispatcherServlet'
2020-11-30 13:16:31.946 [http-nio-8800-exec-1] INFO  org.springframework.web.servlet.DispatcherServlet - Completed initialization in 1 ms
2020-11-30 13:16:32.062 [http-nio-8800-exec-1] INFO  com.zaxxer.hikari.HikariDataSource - HikariPool-1 - Starting...
2020-11-30 13:16:32.365 [http-nio-8800-exec-1] INFO  com.zaxxer.hikari.HikariDataSource - HikariPool-1 - Start completed.
2020-11-30 13:20:46.785 [SpringContextShutdownHook] INFO  o.s.scheduling.concurrent.ThreadPoolTaskExecutor - Shutting down ExecutorService 'threadPoolTaskExecutor'
2020-11-30 13:20:46.787 [SpringContextShutdownHook] INFO  com.zaxxer.hikari.HikariDataSource - HikariPool-1 - Shutdown initiated...
2020-11-30 13:20:46.796 [SpringContextShutdownHook] INFO  com.zaxxer.hikari.HikariDataSource - HikariPool-1 - Shutdown completed.
2020-11-30 13:20:51.252 [main] INFO  com.rabbit.RabbitApplication - Starting RabbitApplication using Java 1.8.0_45 on 711-1831 with PID 7220 (C:\F\RabbitAdmin\target\classes started by wangql in C:\F\RabbitAdmin)
2020-11-30 13:20:51.254 [main] INFO  com.rabbit.RabbitApplication - The following profiles are active: dev
2020-11-30 13:20:52.182 [main] INFO  o.s.d.r.config.RepositoryConfigurationDelegate - Multiple Spring Data modules found, entering strict repository configuration mode!
2020-11-30 13:20:52.184 [main] INFO  o.s.d.r.config.RepositoryConfigurationDelegate - Bootstrapping Spring Data Redis repositories in DEFAULT mode.
2020-11-30 13:20:52.220 [main] INFO  o.s.d.r.config.RepositoryConfigurationDelegate - Finished Spring Data repository scanning in 21 ms. Found 0 Redis repository interfaces.
2020-11-30 13:20:52.843 [main] INFO  o.s.boot.web.embedded.tomcat.TomcatWebServer - Tomcat initialized with port(s): 8800 (http)
2020-11-30 13:20:52.852 [main] INFO  org.apache.coyote.http11.Http11NioProtocol - Initializing ProtocolHandler ["http-nio-8800"]
2020-11-30 13:20:52.852 [main] INFO  org.apache.catalina.core.StandardService - Starting service [Tomcat]
2020-11-30 13:20:52.853 [main] INFO  org.apache.catalina.core.StandardEngine - Starting Servlet engine: [Apache Tomcat/9.0.39]
2020-11-30 13:20:52.983 [main] INFO  o.a.c.core.ContainerBase.[Tomcat].[localhost].[/] - Initializing Spring embedded WebApplicationContext
2020-11-30 13:20:52.983 [main] INFO  o.s.b.w.s.c.ServletWebServerApplicationContext - Root WebApplicationContext: initialization completed in 1681 ms
2020-11-30 13:20:54.594 [main] INFO  s.d.s.w.PropertySourcedRequestMappingHandlerMapping - Mapped URL path [/v2/api-docs] onto method [springfox.documentation.swagger2.web.Swagger2Controller#getDocumentation(String, HttpServletRequest)]
2020-11-30 13:20:54.608 [main] INFO  o.s.scheduling.concurrent.ThreadPoolTaskExecutor - Initializing ExecutorService 'threadPoolTaskExecutor'
2020-11-30 13:20:55.073 [main] INFO  org.apache.coyote.http11.Http11NioProtocol - Starting ProtocolHandler ["http-nio-8800"]
2020-11-30 13:20:55.093 [main] INFO  o.s.boot.web.embedded.tomcat.TomcatWebServer - Tomcat started on port(s): 8800 (http) with context path ''
2020-11-30 13:20:55.095 [main] INFO  s.d.s.web.plugins.DocumentationPluginsBootstrapper - Context refreshed
2020-11-30 13:20:55.114 [main] INFO  s.d.s.web.plugins.DocumentationPluginsBootstrapper - Found 1 custom documentation plugin(s)
2020-11-30 13:20:55.148 [main] INFO  s.d.spring.web.scanners.ApiListingReferenceScanner - Scanning for api listing references
2020-11-30 13:20:55.325 [main] INFO  com.rabbit.RabbitApplication - Started RabbitApplication in 4.573 seconds (JVM running for 5.927)
2020-11-30 13:21:00.059 [http-nio-8800-exec-2] INFO  o.a.c.core.ContainerBase.[Tomcat].[localhost].[/] - Initializing Spring DispatcherServlet 'dispatcherServlet'
2020-11-30 13:21:00.059 [http-nio-8800-exec-2] INFO  org.springframework.web.servlet.DispatcherServlet - Initializing Servlet 'dispatcherServlet'
2020-11-30 13:21:00.061 [http-nio-8800-exec-2] INFO  org.springframework.web.servlet.DispatcherServlet - Completed initialization in 2 ms
2020-11-30 13:21:05.030 [http-nio-8800-exec-3] INFO  com.zaxxer.hikari.HikariDataSource - HikariPool-1 - Starting...
2020-11-30 13:21:05.428 [http-nio-8800-exec-3] INFO  com.zaxxer.hikari.HikariDataSource - HikariPool-1 - Start completed.
2020-11-30 13:21:48.196 [SpringContextShutdownHook] INFO  o.s.scheduling.concurrent.ThreadPoolTaskExecutor - Shutting down ExecutorService 'threadPoolTaskExecutor'
2020-11-30 13:21:48.198 [SpringContextShutdownHook] INFO  com.zaxxer.hikari.HikariDataSource - HikariPool-1 - Shutdown initiated...
2020-11-30 13:21:48.208 [SpringContextShutdownHook] INFO  com.zaxxer.hikari.HikariDataSource - HikariPool-1 - Shutdown completed.
2020-11-30 13:21:53.773 [main] INFO  com.rabbit.RabbitApplication - Starting RabbitApplication using Java 1.8.0_45 on 711-1831 with PID 18376 (C:\F\RabbitAdmin\target\classes started by wangql in C:\F\RabbitAdmin)
2020-11-30 13:21:53.775 [main] INFO  com.rabbit.RabbitApplication - The following profiles are active: dev
2020-11-30 13:21:54.638 [main] INFO  o.s.d.r.config.RepositoryConfigurationDelegate - Multiple Spring Data modules found, entering strict repository configuration mode!
2020-11-30 13:21:54.641 [main] INFO  o.s.d.r.config.RepositoryConfigurationDelegate - Bootstrapping Spring Data Redis repositories in DEFAULT mode.
2020-11-30 13:21:54.677 [main] INFO  o.s.d.r.config.RepositoryConfigurationDelegate - Finished Spring Data repository scanning in 21 ms. Found 0 Redis repository interfaces.
2020-11-30 13:21:55.335 [main] INFO  o.s.boot.web.embedded.tomcat.TomcatWebServer - Tomcat initialized with port(s): 8800 (http)
2020-11-30 13:21:55.343 [main] INFO  org.apache.coyote.http11.Http11NioProtocol - Initializing ProtocolHandler ["http-nio-8800"]
2020-11-30 13:21:55.344 [main] INFO  org.apache.catalina.core.StandardService - Starting service [Tomcat]
2020-11-30 13:21:55.345 [main] INFO  org.apache.catalina.core.StandardEngine - Starting Servlet engine: [Apache Tomcat/9.0.39]
2020-11-30 13:21:55.479 [main] INFO  o.a.c.core.ContainerBase.[Tomcat].[localhost].[/] - Initializing Spring embedded WebApplicationContext
2020-11-30 13:21:55.479 [main] INFO  o.s.b.w.s.c.ServletWebServerApplicationContext - Root WebApplicationContext: initialization completed in 1654 ms
2020-11-30 13:21:57.045 [main] INFO  s.d.s.w.PropertySourcedRequestMappingHandlerMapping - Mapped URL path [/v2/api-docs] onto method [springfox.documentation.swagger2.web.Swagger2Controller#getDocumentation(String, HttpServletRequest)]
2020-11-30 13:21:57.060 [main] INFO  o.s.scheduling.concurrent.ThreadPoolTaskExecutor - Initializing ExecutorService 'threadPoolTaskExecutor'
2020-11-30 13:21:57.531 [main] INFO  org.apache.coyote.http11.Http11NioProtocol - Starting ProtocolHandler ["http-nio-8800"]
2020-11-30 13:21:57.555 [main] INFO  o.s.boot.web.embedded.tomcat.TomcatWebServer - Tomcat started on port(s): 8800 (http) with context path ''
2020-11-30 13:21:57.556 [main] INFO  s.d.s.web.plugins.DocumentationPluginsBootstrapper - Context refreshed
2020-11-30 13:21:57.576 [main] INFO  s.d.s.web.plugins.DocumentationPluginsBootstrapper - Found 1 custom documentation plugin(s)
2020-11-30 13:21:57.609 [main] INFO  s.d.spring.web.scanners.ApiListingReferenceScanner - Scanning for api listing references
2020-11-30 13:21:57.753 [main] INFO  com.rabbit.RabbitApplication - Started RabbitApplication in 4.396 seconds (JVM running for 5.762)
2020-11-30 13:22:06.146 [http-nio-8800-exec-2] INFO  o.a.c.core.ContainerBase.[Tomcat].[localhost].[/] - Initializing Spring DispatcherServlet 'dispatcherServlet'
2020-11-30 13:22:06.146 [http-nio-8800-exec-2] INFO  org.springframework.web.servlet.DispatcherServlet - Initializing Servlet 'dispatcherServlet'
2020-11-30 13:22:06.147 [http-nio-8800-exec-2] INFO  org.springframework.web.servlet.DispatcherServlet - Completed initialization in 1 ms
2020-11-30 13:22:06.267 [http-nio-8800-exec-2] INFO  com.zaxxer.hikari.HikariDataSource - HikariPool-1 - Starting...
2020-11-30 13:22:06.609 [http-nio-8800-exec-2] INFO  com.zaxxer.hikari.HikariDataSource - HikariPool-1 - Start completed.
2020-11-30 13:22:45.299 [SpringContextShutdownHook] INFO  o.s.scheduling.concurrent.ThreadPoolTaskExecutor - Shutting down ExecutorService 'threadPoolTaskExecutor'
2020-11-30 13:22:45.301 [SpringContextShutdownHook] INFO  com.zaxxer.hikari.HikariDataSource - HikariPool-1 - Shutdown initiated...
2020-11-30 13:22:45.311 [SpringContextShutdownHook] INFO  com.zaxxer.hikari.HikariDataSource - HikariPool-1 - Shutdown completed.
2020-11-30 13:22:51.224 [main] INFO  com.rabbit.RabbitApplication - Starting RabbitApplication using Java 1.8.0_45 on 711-1831 with PID 5032 (C:\F\RabbitAdmin\target\classes started by wangql in C:\F\RabbitAdmin)
2020-11-30 13:22:51.226 [main] INFO  com.rabbit.RabbitApplication - The following profiles are active: dev
2020-11-30 13:22:52.080 [main] INFO  o.s.d.r.config.RepositoryConfigurationDelegate - Multiple Spring Data modules found, entering strict repository configuration mode!
2020-11-30 13:22:52.082 [main] INFO  o.s.d.r.config.RepositoryConfigurationDelegate - Bootstrapping Spring Data Redis repositories in DEFAULT mode.
2020-11-30 13:22:52.114 [main] INFO  o.s.d.r.config.RepositoryConfigurationDelegate - Finished Spring Data repository scanning in 19 ms. Found 0 Redis repository interfaces.
2020-11-30 13:22:52.714 [main] INFO  o.s.boot.web.embedded.tomcat.TomcatWebServer - Tomcat initialized with port(s): 8800 (http)
2020-11-30 13:22:52.722 [main] INFO  org.apache.coyote.http11.Http11NioProtocol - Initializing ProtocolHandler ["http-nio-8800"]
2020-11-30 13:22:52.723 [main] INFO  org.apache.catalina.core.StandardService - Starting service [Tomcat]
2020-11-30 13:22:52.724 [main] INFO  org.apache.catalina.core.StandardEngine - Starting Servlet engine: [Apache Tomcat/9.0.39]
2020-11-30 13:22:52.847 [main] INFO  o.a.c.core.ContainerBase.[Tomcat].[localhost].[/] - Initializing Spring embedded WebApplicationContext
2020-11-30 13:22:52.847 [main] INFO  o.s.b.w.s.c.ServletWebServerApplicationContext - Root WebApplicationContext: initialization completed in 1568 ms
2020-11-30 13:22:54.370 [main] INFO  s.d.s.w.PropertySourcedRequestMappingHandlerMapping - Mapped URL path [/v2/api-docs] onto method [springfox.documentation.swagger2.web.Swagger2Controller#getDocumentation(String, HttpServletRequest)]
2020-11-30 13:22:54.385 [main] INFO  o.s.scheduling.concurrent.ThreadPoolTaskExecutor - Initializing ExecutorService 'threadPoolTaskExecutor'
2020-11-30 13:22:54.870 [main] INFO  org.apache.coyote.http11.Http11NioProtocol - Starting ProtocolHandler ["http-nio-8800"]
2020-11-30 13:22:54.893 [main] INFO  o.s.boot.web.embedded.tomcat.TomcatWebServer - Tomcat started on port(s): 8800 (http) with context path ''
2020-11-30 13:22:54.895 [main] INFO  s.d.s.web.plugins.DocumentationPluginsBootstrapper - Context refreshed
2020-11-30 13:22:54.916 [main] INFO  s.d.s.web.plugins.DocumentationPluginsBootstrapper - Found 1 custom documentation plugin(s)
2020-11-30 13:22:54.955 [main] INFO  s.d.spring.web.scanners.ApiListingReferenceScanner - Scanning for api listing references
2020-11-30 13:22:55.132 [main] INFO  com.rabbit.RabbitApplication - Started RabbitApplication in 4.37 seconds (JVM running for 5.762)
2020-11-30 13:22:57.716 [http-nio-8800-exec-2] INFO  o.a.c.core.ContainerBase.[Tomcat].[localhost].[/] - Initializing Spring DispatcherServlet 'dispatcherServlet'
2020-11-30 13:22:57.716 [http-nio-8800-exec-2] INFO  org.springframework.web.servlet.DispatcherServlet - Initializing Servlet 'dispatcherServlet'
2020-11-30 13:22:57.717 [http-nio-8800-exec-2] INFO  org.springframework.web.servlet.DispatcherServlet - Completed initialization in 1 ms
2020-11-30 13:23:17.077 [SpringContextShutdownHook] INFO  o.s.scheduling.concurrent.ThreadPoolTaskExecutor - Shutting down ExecutorService 'threadPoolTaskExecutor'
2020-11-30 13:23:22.751 [main] INFO  com.rabbit.RabbitApplication - Starting RabbitApplication using Java 1.8.0_45 on 711-1831 with PID 13616 (C:\F\RabbitAdmin\target\classes started by wangql in C:\F\RabbitAdmin)
2020-11-30 13:23:22.753 [main] INFO  com.rabbit.RabbitApplication - The following profiles are active: dev
2020-11-30 13:23:23.599 [main] INFO  o.s.d.r.config.RepositoryConfigurationDelegate - Multiple Spring Data modules found, entering strict repository configuration mode!
2020-11-30 13:23:23.602 [main] INFO  o.s.d.r.config.RepositoryConfigurationDelegate - Bootstrapping Spring Data Redis repositories in DEFAULT mode.
2020-11-30 13:23:23.635 [main] INFO  o.s.d.r.config.RepositoryConfigurationDelegate - Finished Spring Data repository scanning in 19 ms. Found 0 Redis repository interfaces.
2020-11-30 13:23:24.281 [main] INFO  o.s.boot.web.embedded.tomcat.TomcatWebServer - Tomcat initialized with port(s): 8800 (http)
2020-11-30 13:23:24.289 [main] INFO  org.apache.coyote.http11.Http11NioProtocol - Initializing ProtocolHandler ["http-nio-8800"]
2020-11-30 13:23:24.290 [main] INFO  org.apache.catalina.core.StandardService - Starting service [Tomcat]
2020-11-30 13:23:24.290 [main] INFO  org.apache.catalina.core.StandardEngine - Starting Servlet engine: [Apache Tomcat/9.0.39]
2020-11-30 13:23:24.430 [main] INFO  o.a.c.core.ContainerBase.[Tomcat].[localhost].[/] - Initializing Spring embedded WebApplicationContext
2020-11-30 13:23:24.430 [main] INFO  o.s.b.w.s.c.ServletWebServerApplicationContext - Root WebApplicationContext: initialization completed in 1634 ms
2020-11-30 13:23:25.971 [main] INFO  s.d.s.w.PropertySourcedRequestMappingHandlerMapping - Mapped URL path [/v2/api-docs] onto method [springfox.documentation.swagger2.web.Swagger2Controller#getDocumentation(String, HttpServletRequest)]
2020-11-30 13:23:25.987 [main] INFO  o.s.scheduling.concurrent.ThreadPoolTaskExecutor - Initializing ExecutorService 'threadPoolTaskExecutor'
2020-11-30 13:23:26.513 [main] INFO  org.apache.coyote.http11.Http11NioProtocol - Starting ProtocolHandler ["http-nio-8800"]
2020-11-30 13:23:26.535 [main] INFO  o.s.boot.web.embedded.tomcat.TomcatWebServer - Tomcat started on port(s): 8800 (http) with context path ''
2020-11-30 13:23:26.537 [main] INFO  s.d.s.web.plugins.DocumentationPluginsBootstrapper - Context refreshed
2020-11-30 13:23:26.567 [main] INFO  s.d.s.web.plugins.DocumentationPluginsBootstrapper - Found 1 custom documentation plugin(s)
2020-11-30 13:23:26.634 [main] INFO  s.d.spring.web.scanners.ApiListingReferenceScanner - Scanning for api listing references
2020-11-30 13:23:26.782 [main] INFO  com.rabbit.RabbitApplication - Started RabbitApplication in 4.712 seconds (JVM running for 6.014)
2020-11-30 13:23:29.752 [http-nio-8800-exec-2] INFO  o.a.c.core.ContainerBase.[Tomcat].[localhost].[/] - Initializing Spring DispatcherServlet 'dispatcherServlet'
2020-11-30 13:23:29.752 [http-nio-8800-exec-2] INFO  org.springframework.web.servlet.DispatcherServlet - Initializing Servlet 'dispatcherServlet'
2020-11-30 13:23:29.754 [http-nio-8800-exec-2] INFO  org.springframework.web.servlet.DispatcherServlet - Completed initialization in 1 ms
2020-11-30 13:23:46.016 [SpringContextShutdownHook] INFO  o.s.scheduling.concurrent.ThreadPoolTaskExecutor - Shutting down ExecutorService 'threadPoolTaskExecutor'
